<?xml version="1.0" encoding="UTF-8"?>
<!-- Generated by org.testng.reporters.JUnitReportReporter -->
<testsuite hostname="Smita-PC" name="com.precifab.gmail.login.testscripts.GmailLoginTest" tests="1" failures="0" timestamp="31 Jan 2018 07:41:06 GMT" time="22.162" errors="0">
  <testcase name="testGmailLogin" time="22.162" classname="com.precifab.gmail.login.testscripts.GmailLoginTest"/>
</testsuite> <!-- com.precifab.gmail.login.testscripts.GmailLoginTest -->
